        -:    0:Source:C:/Users/codri/Documents/GitHub/University_projects/semester 2/OOP/object_oriented_in_C/main.c
        -:    0:Graph:C:\Users\codri\Documents\GitHub\University_projects\semester 2\OOP\object_oriented_in_C\cmake-build-debug-coverage\CMakeFiles\object_oriented_in_C.dir\main.c.gcno
        -:    0:Data:C:\Users\codri\Documents\GitHub\University_projects\semester 2\OOP\object_oriented_in_C\cmake-build-debug-coverage\CMakeFiles\object_oriented_in_C.dir\main.c.gcda
        -:    0:Runs:1
        -:    1:#include <stdlib.h>
        -:    2:
        -:    3:#include "console/console.h"
        -:    4:#include "service/service.h"
        -:    5:#include "repository/repo.h"
        -:    6:#include "domain/validator.h"
        -:    7:
        -:    8:#include "test/test.h"
        -:    9:
function main called 1 returned 100% blocks executed 100%
        1:   10:int main(void) {
        -:   11:	/// testing
        1:   12:	test* Test = (test*)malloc(sizeof(test));
        1:   13:	initialization_test(Test);
        1:   13-block  0
call    0 returned 1
        1:   14:	Test->run_test(Test);
call    0 returned 1
        1:   15:	free(Test);
        -:   16:	/// end fo tests
        -:   17:
        -:   18:	// validator* Validator = (validator*)malloc(sizeof(validator));
        -:   19:	// initialization_validator(Validator);
        -:   20:	//
        -:   21:	// repo* Repo = (repo*)malloc(sizeof(repo));
        -:   22:	// initialization_repo(Repo);
        -:   23:	//
        -:   24:	// service* Service = (service*)malloc(sizeof(service));
        -:   25:	// initialization_service(Service);
        -:   26:	// Service->Repo = Repo;
        -:   27:	// Service->Validator = Validator;
        -:   28:	//
        -:   29:	//
        -:   30:	// console* restrict Console = (console*)malloc(sizeof(console));
        -:   31:	// Console->Service = Service;
        -:   32:	//
        -:   33:	// run(Console);
        -:   34:	// free(Console);
        1:   35:	return 0;
        -:   36:}
